 !-------------------------------------------------------!
 ! Welcome to Poreblazer_v3.0.5/Linux/Windows XP         !
 ! Developed by: Lev Sarkisov, 2012/18                   !
 ! Cite: Sarkisov, Harrison, Molecular Simulation, 2011  !
 !-------------------------------------------------------!

 Step 1/8
 !-------------------------------------------------------!
 ! Proceed with initialization and data input            !
 !-------------------------------------------------------!

 !-------------------------------------------------------!
 ! Initialization complete                               !
 !-------------------------------------------------------!

 Step 2/8
 !-------------------------------------------------------!
 ! Starting preliminary lattice calculations             !
 !-------------------------------------------------------!

 !-------------------------------------------------------!
 ! Preliminary lattice complete                          !
 !-------------------------------------------------------!

 Step 3/8
 !-------------------------------------------------------!
 ! Generation of helium-accessible lattice               !
 !-------------------------------------------------------!

 !-------------------------------------------------------!
 ! Generation of helium-accessible lattice complete      !
 !-------------------------------------------------------!

 Step 4/8
 !-------------------------------------------------------!
 ! Generation of nitrogen-accessible lattice             !
 !-------------------------------------------------------!

 !-------------------------------------------------------!
 ! Generation of nitrogen-accessible lattice complete    !
 !-------------------------------------------------------!

 Step 5/8
 !-------------------------------------------------------!
 ! Starting pore volume calculations                     !
 !-------------------------------------------------------!

 System volume in A^3:         623.316
 System mass, g/mol:          1183.420
 System density, g/cm^3:         3.153
 -------------------------------------------------------
 If calculated density is  different from the  reported 
 crystallagraphic one,  make sure you remove unresolved 
 atoms from the adsrobent structure file
 ------------------------------------------------------

 Helium volume in A^3:        3659.632
 Helium volume in cm^3/g:        1.862

 Geometric (point accessible) volume in A^3:         598.272
 Geometric (point accessible) volume in cm^3/g:        0.304

 !-------------------------------------------------------!
 ! Pore volume calculations complete                     !
 !-------------------------------------------------------!

 Step 6/8
 !-------------------------------------------------------!
 ! Starting surface area calculations                    !
 !-------------------------------------------------------!

 Accessible surface area in A^2:                       766.64
 Accessible surface area per volume in m^2/cm^3:     12299.38
 Accessible surface area per mass in m^2/g:           3901.25

 !-------------------------------------------------------!
 ! Surface area calculations complete                    !
 !-------------------------------------------------------!

 Step 7/8
 !-------------------------------------------------------!
 ! Starting pore size distribution calculations          !
 !-------------------------------------------------------!

 Cumulative PSD and differential PSD 
 have been stored in files psd_cumulative.txt
 and psd.txt
 !-------------------------------------------------------!
 ! Pore size distribution calculations complete          !
 !-------------------------------------------------------!

 Step 8/8
 !-------------------------------------------------------!
 ! Starting limiting pore diameter and maximum pore size !
 ! analysis                                              !
 !-------------------------------------------------------!

 Pore limiting diameter in A:         7.27
 Maximum pore diameter in A:          9.38
 The system is percolated in            3  dimensions (3D pores)
 !-------------------------------------------------------!
 ! Limiting pore diameter and maximum pore size          !
 ! analysis complete                                     !
 !-------------------------------------------------------!

 !-------------------------------------------------------!
 ! Simulation complete                                   !
 !-------------------------------------------------------!
