 !-------------------------------------------------------!
 ! Welcome to Poreblazer_v3.0.5/Linux/Windows XP         !
 ! Developed by: Lev Sarkisov, 2012/18                   !
 ! Cite: Sarkisov, Harrison, Molecular Simulation, 2011  !
 !-------------------------------------------------------!

 Step 1/8
 !-------------------------------------------------------!
 ! Proceed with initialization and data input            !
 !-------------------------------------------------------!

 !-------------------------------------------------------!
 ! Initialization complete                               !
 !-------------------------------------------------------!

 Step 2/8
 !-------------------------------------------------------!
 ! Starting preliminary lattice calculations             !
 !-------------------------------------------------------!

 !-------------------------------------------------------!
 ! Preliminary lattice complete                          !
 !-------------------------------------------------------!

 Step 3/8
 !-------------------------------------------------------!
 ! Generation of helium-accessible lattice               !
 !-------------------------------------------------------!

 !-------------------------------------------------------!
 ! Generation of helium-accessible lattice complete      !
 !-------------------------------------------------------!

 Step 4/8
 !-------------------------------------------------------!
 ! Generation of nitrogen-accessible lattice             !
 !-------------------------------------------------------!

  The system is NOT percolated in ANY direction 
 !-------------------------------------------------------!
 ! Generation of nitrogen-accessible lattice complete    !
 !-------------------------------------------------------!

 Step 5/8
 !-------------------------------------------------------!
 ! Starting pore volume calculations                     !
 !-------------------------------------------------------!

 System volume in A^3:         164.875
 System mass, g/mol:           450.899
 System density, g/cm^3:         4.541
 -------------------------------------------------------
 If calculated density is  different from the  reported 
 crystallagraphic one,  make sure you remove unresolved 
 atoms from the adsrobent structure file
 ------------------------------------------------------

 Helium volume in A^3:           1.798
 Helium volume in cm^3/g:        0.002

 Geometric (point accessible) volume in A^3:          46.401
 Geometric (point accessible) volume in cm^3/g:        0.062

 !-------------------------------------------------------!
 ! Pore volume calculations complete                     !
 !-------------------------------------------------------!

 Step 6/8
 !-------------------------------------------------------!
 ! Starting surface area calculations                    !
 !-------------------------------------------------------!

 Accessible surface area in A^2:                         0.09
 Accessible surface area per volume in m^2/cm^3:         5.36
 Accessible surface area per mass in m^2/g:              1.18

 !-------------------------------------------------------!
 ! Surface area calculations complete                    !
 !-------------------------------------------------------!

 Step 7/8
 !-------------------------------------------------------!
 ! Starting pore size distribution calculations          !
 !-------------------------------------------------------!

 Cumulative PSD and differential PSD 
 have been stored in files psd_cumulative.txt
 and psd.txt
 !-------------------------------------------------------!
 ! Pore size distribution calculations complete          !
 !-------------------------------------------------------!

 Step 8/8
 !-------------------------------------------------------!
 ! Starting limiting pore diameter and maximum pore size !
 ! analysis                                              !
 !-------------------------------------------------------!

 Pore limiting diameter in A:         3.68
 Maximum pore diameter in A:          3.74
 !-------------------------------------------------------!
 ! Limiting pore diameter and maximum pore size          !
 ! analysis complete                                     !
 !-------------------------------------------------------!

 !-------------------------------------------------------!
 ! Simulation complete                                   !
 !-------------------------------------------------------!
