 !-------------------------------------------------------!
 ! Welcome to Poreblazer_v3.0.5/Linux/Windows XP         !
 ! Developed by: Lev Sarkisov, 2012/18                   !
 ! Cite: Sarkisov, Harrison, Molecular Simulation, 2011  !
 !-------------------------------------------------------!

 Step 1/8
 !-------------------------------------------------------!
 ! Proceed with initialization and data input            !
 !-------------------------------------------------------!

 !-------------------------------------------------------!
 ! Initialization complete                               !
 !-------------------------------------------------------!

 Step 2/8
 !-------------------------------------------------------!
 ! Starting preliminary lattice calculations             !
 !-------------------------------------------------------!

 !-------------------------------------------------------!
 ! Preliminary lattice complete                          !
 !-------------------------------------------------------!

 Step 3/8
 !-------------------------------------------------------!
 ! Generation of helium-accessible lattice               !
 !-------------------------------------------------------!

 !-------------------------------------------------------!
 ! Generation of helium-accessible lattice complete      !
 !-------------------------------------------------------!

 Step 4/8
 !-------------------------------------------------------!
 ! Generation of nitrogen-accessible lattice             !
 !-------------------------------------------------------!

 !-------------------------------------------------------!
 ! Generation of nitrogen-accessible lattice complete    !
 !-------------------------------------------------------!

 Step 5/8
 !-------------------------------------------------------!
 ! Starting pore volume calculations                     !
 !-------------------------------------------------------!

 System volume in A^3:         106.158
 System mass, g/mol:           261.721
 System density, g/cm^3:         4.094
 -------------------------------------------------------
 If calculated density is  different from the  reported 
 crystallagraphic one,  make sure you remove unresolved 
 atoms from the adsrobent structure file
 ------------------------------------------------------

 Helium volume in A^3:          23.082
 Helium volume in cm^3/g:        0.053

 Geometric (point accessible) volume in A^3:          45.970
 Geometric (point accessible) volume in cm^3/g:        0.106

 !-------------------------------------------------------!
 ! Pore volume calculations complete                     !
 !-------------------------------------------------------!

 Step 6/8
 !-------------------------------------------------------!
 ! Starting surface area calculations                    !
 !-------------------------------------------------------!

 Step 7/8
 !-------------------------------------------------------!
 ! Starting pore size distribution calculations          !
 !-------------------------------------------------------!

 Step 8/8
 !-------------------------------------------------------!
 ! Starting limiting pore diameter and maximum pore size !
 ! analysis                                              !
 !-------------------------------------------------------!

 Pore limiting diameter in A:         2.97
 Maximum pore diameter in A:          6.58
  The system is percolated in            1  dimension (channels)
 !-------------------------------------------------------!
 ! Limiting pore diameter and maximum pore size          !
 ! analysis complete                                     !
 !-------------------------------------------------------!

 !-------------------------------------------------------!
 ! Simulation complete                                   !
 !-------------------------------------------------------!
