 !-------------------------------------------------------!
 ! Welcome to Poreblazer_v3.0.5/Linux/Windows XP         !
 ! Developed by: Lev Sarkisov, 2012/18                   !
 ! Cite: Sarkisov, Harrison, Molecular Simulation, 2011  !
 !-------------------------------------------------------!

 Step 1/8
 !-------------------------------------------------------!
 ! Proceed with initialization and data input            !
 !-------------------------------------------------------!

 !-------------------------------------------------------!
 ! Initialization complete                               !
 !-------------------------------------------------------!

 Step 2/8
 !-------------------------------------------------------!
 ! Starting preliminary lattice calculations             !
 !-------------------------------------------------------!

 !-------------------------------------------------------!
 ! Preliminary lattice complete                          !
 !-------------------------------------------------------!

 Step 3/8
 !-------------------------------------------------------!
 ! Generation of helium-accessible lattice               !
 !-------------------------------------------------------!

 !-------------------------------------------------------!
 ! Generation of helium-accessible lattice complete      !
 !-------------------------------------------------------!

 Step 4/8
 !-------------------------------------------------------!
 ! Generation of nitrogen-accessible lattice             !
 !-------------------------------------------------------!

 !-------------------------------------------------------!
 ! Generation of nitrogen-accessible lattice complete    !
 !-------------------------------------------------------!

 Step 5/8
 !-------------------------------------------------------!
 ! Starting pore volume calculations                     !
 !-------------------------------------------------------!

 System volume in A^3:         236.039
 System mass, g/mol:           447.948
 System density, g/cm^3:         3.151
 -------------------------------------------------------
 If calculated density is  different from the  reported 
 crystallagraphic one,  make sure you remove unresolved 
 atoms from the adsrobent structure file
 ------------------------------------------------------

 Helium volume in A^3:         235.000
 Helium volume in cm^3/g:        0.316

 Geometric (point accessible) volume in A^3:         220.740
 Geometric (point accessible) volume in cm^3/g:        0.297

 !-------------------------------------------------------!
 ! Pore volume calculations complete                     !
 !-------------------------------------------------------!

 Step 6/8
 !-------------------------------------------------------!
 ! Starting surface area calculations                    !
 !-------------------------------------------------------!

 Accessible surface area in A^2:                       605.54
 Accessible surface area per volume in m^2/cm^3:     25654.28
 Accessible surface area per mass in m^2/g:           8140.78

 !-------------------------------------------------------!
 ! Surface area calculations complete                    !
 !-------------------------------------------------------!

 Step 7/8
 !-------------------------------------------------------!
 ! Starting pore size distribution calculations          !
 !-------------------------------------------------------!

 Cumulative PSD and differential PSD 
 have been stored in files psd_cumulative.txt
 and psd.txt
 !-------------------------------------------------------!
 ! Pore size distribution calculations complete          !
 !-------------------------------------------------------!

 Step 8/8
 !-------------------------------------------------------!
 ! Starting limiting pore diameter and maximum pore size !
 ! analysis                                              !
 !-------------------------------------------------------!

 Pore limiting diameter in A:         4.89
 Maximum pore diameter in A:         10.59
 The system is percolated in            3  dimensions (3D pores)
 !-------------------------------------------------------!
 ! Limiting pore diameter and maximum pore size          !
 ! analysis complete                                     !
 !-------------------------------------------------------!

 !-------------------------------------------------------!
 ! Simulation complete                                   !
 !-------------------------------------------------------!
